[debug] [2021-02-02T19:37:06.902Z] ----------------------------------------------------------------------
[debug] [2021-02-02T19:37:06.903Z] Command:       C:\Program Files\nodejs\node.exe C:\Users\mary.mavengere\AppData\Roaming\npm\node_modules\firebase-tools\lib\bin\firebase.js open
[debug] [2021-02-02T19:37:06.904Z] CLI Version:   9.3.0
[debug] [2021-02-02T19:37:06.904Z] Platform:      win32
[debug] [2021-02-02T19:37:06.904Z] Node Version:  v12.18.1
[debug] [2021-02-02T19:37:06.905Z] Time:          Tue Feb 02 2021 21:37:06 GMT+0200 (South Africa Standard Time)
[debug] [2021-02-02T19:37:06.905Z] ----------------------------------------------------------------------
[debug] [2021-02-02T19:37:06.905Z] 
[debug] [2021-02-02T19:37:06.912Z] > command requires scopes: ["email","openid","https://www.googleapis.com/auth/cloudplatformprojects.readonly","https://www.googleapis.com/auth/firebase","https://www.googleapis.com/auth/cloud-platform"]
[debug] [2021-02-02T19:37:06.913Z] > authorizing via signed-in user
[debug] [2021-02-02T19:37:06.914Z] [iam] checking project myadviceapp-aeb6b for permissions ["firebase.projects.get"]
[debug] [2021-02-02T19:37:06.917Z] >>> HTTP REQUEST POST https://cloudresourcemanager.googleapis.com/v1/projects/myadviceapp-aeb6b:testIamPermissions  
 {"permissions":["firebase.projects.get"]}
[debug] [2021-02-02T19:37:08.656Z] <<< HTTP RESPONSE 200 {"content-type":"application/json; charset=UTF-8","vary":"X-Origin, Referer, Origin,Accept-Encoding","date":"Tue, 02 Feb 2021 19:37:08 GMT","server":"ESF","cache-control":"private","x-xss-protection":"0","x-frame-options":"SAMEORIGIN","x-content-type-options":"nosniff","server-timing":"gfet4t7; dur=1503","alt-svc":"h3-29=\":443\"; ma=2592000,h3-T051=\":443\"; ma=2592000,h3-Q050=\":443\"; ma=2592000,h3-Q046=\":443\"; ma=2592000,h3-Q043=\":443\"; ma=2592000,quic=\":443\"; ma=2592000; v=\"46,43\"","accept-ranges":"none","transfer-encoding":"chunked"}
[debug] [2021-02-02T19:37:08.661Z] > refreshing access token with scopes: []
[debug] [2021-02-02T19:37:08.661Z] >>> HTTP REQUEST POST https://www.googleapis.com/oauth2/v3/token  
 <request body omitted>
[debug] [2021-02-02T19:37:09.479Z] <<< HTTP RESPONSE 200 {"cache-control":"no-cache, no-store, max-age=0, must-revalidate","date":"Tue, 02 Feb 2021 19:37:09 GMT","pragma":"no-cache","expires":"Mon, 01 Jan 1990 00:00:00 GMT","content-type":"application/json; charset=utf-8","vary":"X-Origin, Referer, Origin,Accept-Encoding","server":"scaffolding on HTTPServer2","x-xss-protection":"0","x-frame-options":"SAMEORIGIN","x-content-type-options":"nosniff","alt-svc":"h3-29=\":443\"; ma=2592000,h3-T051=\":443\"; ma=2592000,h3-Q050=\":443\"; ma=2592000,h3-Q046=\":443\"; ma=2592000,h3-Q043=\":443\"; ma=2592000,quic=\":443\"; ma=2592000; v=\"46,43\"","accept-ranges":"none","transfer-encoding":"chunked"}
[debug] [2021-02-02T19:37:09.504Z] >>> [apiv2][query] GET https://firebase.googleapis.com/v1beta1/projects/myadviceapp-aeb6b [none]
[debug] [2021-02-02T19:37:10.216Z] <<< [apiv2][status] GET https://firebase.googleapis.com/v1beta1/projects/myadviceapp-aeb6b 200
[debug] [2021-02-02T19:37:10.216Z] <<< [apiv2][body] GET https://firebase.googleapis.com/v1beta1/projects/myadviceapp-aeb6b {"projectId":"myadviceapp-aeb6b","projectNumber":"710471771718","displayName":"MyAdviceApp","name":"projects/myadviceapp-aeb6b","resources":{"hostingSite":"myadviceapp-aeb6b","realtimeDatabaseInstance":"myadviceapp-aeb6b-default-rtdb"},"state":"ACTIVE"}
